<?xml version="1.0" encoding="UTF-8"?>
<!-- Generated by org.testng.reporters.JUnitXMLReporter -->
<testsuite hostname="LAPTOP-SNG10N7O" ignored="0" name="Default test" tests="2" failures="0" timestamp="10 Jun 2018 11:37:53 GMT" time="0.079" errors="0">
  <testcase name="@BeforeTest Startbr" time="0.0" classname="utilities.BaseClasss">
    <failure type="org.testng.TestNGException" message="
Parameter &amp;apos;browser&amp;apos; is required by BeforeTest on method Startbr but has not been marked @Optional or defined
in C:\Users\kiranvanteru\AppData\Local\Temp\testng-eclipse-677185525\testng-customsuite.xml">
      <![CDATA[org.testng.TestNGException: 
Parameter 'browser' is required by BeforeTest on method Startbr but has not been marked @Optional or defined
in C:\Users\kiranvanteru\AppData\Local\Temp\testng-eclipse-677185525\testng-customsuite.xml
at org.testng.internal.Parameters.createParams(Parameters.java:290)
at org.testng.internal.Parameters.createParametersForMethod(Parameters.java:359)
at org.testng.internal.Parameters.createParameters(Parameters.java:620)
at org.testng.internal.Parameters.createConfigurationParameters(Parameters.java:190)
at org.testng.internal.Invoker.invokeConfigurations(Invoker.java:209)
at org.testng.internal.Invoker.invokeConfigurations(Invoker.java:142)
at org.testng.TestRunner.beforeRun(TestRunner.java:529)
at org.testng.TestRunner.run(TestRunner.java:497)
at org.testng.SuiteRunner.runTest(SuiteRunner.java:455)
at org.testng.SuiteRunner.runSequentially(SuiteRunner.java:450)
at org.testng.SuiteRunner.privateRun(SuiteRunner.java:415)
at org.testng.SuiteRunner.run(SuiteRunner.java:364)
at org.testng.SuiteRunnerWorker.runSuite(SuiteRunnerWorker.java:52)
at org.testng.SuiteRunnerWorker.run(SuiteRunnerWorker.java:84)
at org.testng.TestNG.runSuitesSequentially(TestNG.java:1208)
at org.testng.TestNG.runSuitesLocally(TestNG.java:1137)
at org.testng.TestNG.runSuites(TestNG.java:1049)
at org.testng.TestNG.run(TestNG.java:1017)
at org.testng.remote.AbstractRemoteTestNG.run(AbstractRemoteTestNG.java:114)
at org.testng.remote.RemoteTestNG.initAndRun(RemoteTestNG.java:251)
at org.testng.remote.RemoteTestNG.main(RemoteTestNG.java:77)
]]>
    </failure>
  </testcase> <!-- @BeforeTest Startbr -->
  <testcase name="@AfterTest Clean" time="0.0" classname="utilities.BaseClasss">
    <skipped/>
  </testcase> <!-- @AfterTest Clean -->
  <testcase name="fb" time="0.0" classname="demop.ParallelLogin">
    <skipped/>
  </testcase> <!-- fb -->
  <testcase name="gm" time="0.0" classname="demop.ParallelLogin">
    <skipped/>
  </testcase> <!-- gm -->
</testsuite> <!-- Default test -->
